<?xml version="1.0" encoding="UTF-8"?>
<testsuite xmlns:xsi="http://www.w3.org/2001/XMLSchema-instance" xsi:noNamespaceSchemaLocation="https://maven.apache.org/surefire/maven-surefire-plugin/xsd/surefire-test-report-3.0.xsd" version="3.0" name="com.quantcast.cookieanalyzer.CookieLogProcessorTest" time="0.077" tests="7" errors="0" skipped="0" failures="0">
  <properties>
    <property name="java.specification.version" value="21"/>
    <property name="sun.jnu.encoding" value="UTF-8"/>
    <property name="java.class.path" value="/home/mahek/NetBeansProjects/cookieanalyzer/target/test-classes:/home/mahek/NetBeansProjects/cookieanalyzer/target/classes:/home/mahek/.m2/repository/commons-cli/commons-cli/1.4/commons-cli-1.4.jar:/home/mahek/.m2/repository/org/junit/jupiter/junit-jupiter-api/5.10.2/junit-jupiter-api-5.10.2.jar:/home/mahek/.m2/repository/org/opentest4j/opentest4j/1.3.0/opentest4j-1.3.0.jar:/home/mahek/.m2/repository/org/junit/platform/junit-platform-commons/1.10.2/junit-platform-commons-1.10.2.jar:/home/mahek/.m2/repository/org/apiguardian/apiguardian-api/1.1.2/apiguardian-api-1.1.2.jar:/home/mahek/.m2/repository/org/junit/jupiter/junit-jupiter-engine/5.10.2/junit-jupiter-engine-5.10.2.jar:/home/mahek/.m2/repository/org/junit/platform/junit-platform-engine/1.10.2/junit-platform-engine-1.10.2.jar:"/>
    <property name="java.vm.vendor" value="Flathub"/>
    <property name="sun.arch.data.model" value="64"/>
    <property name="java.vendor.url" value="https://flathub.org"/>
    <property name="user.timezone" value="Europe/London"/>
    <property name="os.name" value="Linux"/>
    <property name="java.vm.specification.version" value="21"/>
    <property name="user.country" value="GB"/>
    <property name="sun.java.launcher" value="SUN_STANDARD"/>
    <property name="sun.boot.library.path" value="/app/jdk/lib"/>
    <property name="sun.java.command" value="/home/mahek/NetBeansProjects/cookieanalyzer/target/surefire/surefirebooter-20241111140632815_3.jar /home/mahek/NetBeansProjects/cookieanalyzer/target/surefire 2024-11-11T14-06-32_755-jvmRun1 surefire-20241111140632815_1tmp surefire_0-20241111140632815_2tmp"/>
    <property name="jdk.debug" value="release"/>
    <property name="surefire.test.class.path" value="/home/mahek/NetBeansProjects/cookieanalyzer/target/test-classes:/home/mahek/NetBeansProjects/cookieanalyzer/target/classes:/home/mahek/.m2/repository/commons-cli/commons-cli/1.4/commons-cli-1.4.jar:/home/mahek/.m2/repository/org/junit/jupiter/junit-jupiter-api/5.10.2/junit-jupiter-api-5.10.2.jar:/home/mahek/.m2/repository/org/opentest4j/opentest4j/1.3.0/opentest4j-1.3.0.jar:/home/mahek/.m2/repository/org/junit/platform/junit-platform-commons/1.10.2/junit-platform-commons-1.10.2.jar:/home/mahek/.m2/repository/org/apiguardian/apiguardian-api/1.1.2/apiguardian-api-1.1.2.jar:/home/mahek/.m2/repository/org/junit/jupiter/junit-jupiter-engine/5.10.2/junit-jupiter-engine-5.10.2.jar:/home/mahek/.m2/repository/org/junit/platform/junit-platform-engine/1.10.2/junit-platform-engine-1.10.2.jar:"/>
    <property name="sun.cpu.endian" value="little"/>
    <property name="user.home" value="/home/mahek"/>
    <property name="user.language" value="en"/>
    <property name="java.specification.vendor" value="Oracle Corporation"/>
    <property name="java.version.date" value="2024-07-16"/>
    <property name="java.home" value="/app/jdk"/>
    <property name="file.separator" value="/"/>
    <property name="basedir" value="/home/mahek/NetBeansProjects/cookieanalyzer"/>
    <property name="java.vm.compressedOopsMode" value="Zero based"/>
    <property name="line.separator" value="&#10;"/>
    <property name="java.vm.specification.vendor" value="Oracle Corporation"/>
    <property name="java.specification.name" value="Java Platform API Specification"/>
    <property name="surefire.real.class.path" value="/home/mahek/NetBeansProjects/cookieanalyzer/target/surefire/surefirebooter-20241111140632815_3.jar"/>
    <property name="sun.management.compiler" value="HotSpot 64-Bit Tiered Compilers"/>
    <property name="java.runtime.version" value="21.0.4+2"/>
    <property name="user.name" value="mahek"/>
    <property name="stdout.encoding" value="UTF-8"/>
    <property name="path.separator" value=":"/>
    <property name="os.version" value="5.15.0-125-generic"/>
    <property name="java.runtime.name" value="OpenJDK Runtime Environment"/>
    <property name="file.encoding" value="UTF-8"/>
    <property name="java.vm.name" value="OpenJDK 64-Bit Server VM"/>
    <property name="java.vendor.version" value="21.9"/>
    <property name="maven.ext.class.path" value="/app/netbeans/java/maven-nblib/netbeans-eventspy.jar"/>
    <property name="localRepository" value="/home/mahek/.m2/repository"/>
    <property name="java.vendor.url.bug" value="https://github.com/flathub/org.freedesktop.Sdk.Extension.openjdk21/issues"/>
    <property name="java.io.tmpdir" value="/tmp"/>
    <property name="java.version" value="21.0.4"/>
    <property name="user.dir" value="/home/mahek/NetBeansProjects/cookieanalyzer"/>
    <property name="os.arch" value="amd64"/>
    <property name="java.vm.specification.name" value="Java Virtual Machine Specification"/>
    <property name="native.encoding" value="UTF-8"/>
    <property name="java.library.path" value=":/usr/java/packages/lib:/usr/lib64:/lib64:/lib:/usr/lib"/>
    <property name="java.vm.info" value="mixed mode, sharing"/>
    <property name="stderr.encoding" value="UTF-8"/>
    <property name="java.vendor" value="Flathub"/>
    <property name="java.vm.version" value="21.0.4+2"/>
    <property name="sun.io.unicode.encoding" value="UnicodeLittle"/>
    <property name="java.class.version" value="65.0"/>
  </properties>
  <testcase name="testFindMostActiveCookiesNoMatches" classname="com.quantcast.cookieanalyzer.CookieLogProcessorTest" time="0.046">
    <system-err><![CDATA[Nov 11, 2024 2:06:33 PM com.quantcast.cookieanalyzer.CookieLogProcessor findMostActiveCookies
INFO: No cookies found for the specified date: 2018-12-10
]]></system-err>
  </testcase>
  <testcase name="testFindMostActiveCookiesSameCookieMultipleDates" classname="com.quantcast.cookieanalyzer.CookieLogProcessorTest" time="0.004">
    <system-err><![CDATA[Nov 11, 2024 2:06:33 PM com.quantcast.cookieanalyzer.CookieLogProcessor findMostActiveCookies
INFO: Found 1 most active cookie(s) with frequency 2 on 2018-12-09.
]]></system-err>
  </testcase>
  <testcase name="testFindMostActiveCookiesWithTies" classname="com.quantcast.cookieanalyzer.CookieLogProcessorTest" time="0.001">
    <system-err><![CDATA[Nov 11, 2024 2:06:33 PM com.quantcast.cookieanalyzer.CookieLogProcessor findMostActiveCookies
INFO: Found 2 most active cookie(s) with frequency 2 on 2018-12-09.
]]></system-err>
  </testcase>
  <testcase name="testFindMostActiveCookiesUniqueCookies" classname="com.quantcast.cookieanalyzer.CookieLogProcessorTest" time="0.001">
    <system-err><![CDATA[Nov 11, 2024 2:06:33 PM com.quantcast.cookieanalyzer.CookieLogProcessor findMostActiveCookies
INFO: Found 3 most active cookie(s) with frequency 1 on 2018-12-09.
]]></system-err>
  </testcase>
  <testcase name="testFindMostActiveCookies" classname="com.quantcast.cookieanalyzer.CookieLogProcessorTest" time="0.002">
    <system-err><![CDATA[Nov 11, 2024 2:06:33 PM com.quantcast.cookieanalyzer.CookieLogProcessor findMostActiveCookies
INFO: Found 1 most active cookie(s) with frequency 2 on 2018-12-09.
]]></system-err>
  </testcase>
  <testcase name="testFindMostActiveCookiesAcrossMultipleDates" classname="com.quantcast.cookieanalyzer.CookieLogProcessorTest" time="0.001">
    <system-err><![CDATA[Nov 11, 2024 2:06:33 PM com.quantcast.cookieanalyzer.CookieLogProcessor findMostActiveCookies
INFO: Found 1 most active cookie(s) with frequency 2 on 2018-12-09.
]]></system-err>
  </testcase>
  <testcase name="testFindMostActiveCookiesWithEmptyList" classname="com.quantcast.cookieanalyzer.CookieLogProcessorTest" time="0.001">
    <system-err><![CDATA[Nov 11, 2024 2:06:33 PM com.quantcast.cookieanalyzer.CookieLogProcessor findMostActiveCookies
WARNING: Cookie entries list is null or empty. Returning empty result.
]]></system-err>
  </testcase>
</testsuite>